20230917	01:19:51	b2fa7b3d-8be7-48ba-9dc1-ee280243accb	OPTIONS	/auth/register	http://localhost:3000
20230917	01:19:51	6f547596-b6df-459a-9ba5-dd1374fadebc	POST	/auth/register	http://localhost:3000
20230917	01:21:11	34849c91-4cbe-4fb3-8f12-bedcb3450abc	OPTIONS	/auth	http://localhost:3000
20230917	01:21:11	1e6ee239-7d1f-418b-8e8d-d5ba00bdd12b	POST	/auth	http://localhost:3000
20230917	01:21:11	a09a043d-8690-474a-9004-f83b86f6e26d	GET	/auth/refresh	http://localhost:3000
20230917	01:21:22	707e0701-03a3-43a7-af06-86cbf0fd404c	OPTIONS	/auth	http://localhost:3000
20230917	01:21:22	d6ccd09c-82b3-4db7-bdd4-9ed0da4c665e	POST	/auth	http://localhost:3000
20230917	01:21:23	ac246e17-73c6-4489-aa8c-08969da587a7	GET	/auth/refresh	http://localhost:3000
20230917	01:23:20	244b9c2a-2038-474a-aa6d-936ec6e73582	OPTIONS	/auth	http://localhost:3000
20230917	01:23:20	9dd041fa-fcdb-4aa3-b575-655125269858	POST	/auth	http://localhost:3000
20230917	01:23:20	db8a98cd-082b-4e1c-bf8e-0d7ef0f3e84a	GET	/auth/refresh	http://localhost:3000
20230917	01:28:24	f6550957-2115-40f8-bc30-564ea54a9814	OPTIONS	/auth	http://localhost:3000
20230917	01:28:25	27bcda66-b6e1-4604-9104-dd7a4326d74e	POST	/auth	http://localhost:3000
20230917	01:30:16	aa863715-953d-42ce-98fa-6e122f105bd9	OPTIONS	/auth	http://localhost:3000
20230917	01:30:16	bdb3fdb2-a6bb-42af-8e46-fc0ec784ef84	POST	/auth	http://localhost:3000
20230917	01:30:20	e7045de5-9a35-481f-944a-65fa9bfeaf02	POST	/auth	http://localhost:3000
20230917	01:30:21	84cee156-70a3-410a-9743-a5b020ab1ff7	OPTIONS	/auth	http://localhost:3000
20230917	01:30:21	3430118c-b4ef-4663-823a-6b2acbe5fc81	POST	/auth	http://localhost:3000
20230917	01:30:22	31d3849d-404c-4988-9d34-9f0d50a7bac9	POST	/auth	http://localhost:3000
20230917	01:41:46	7e2415a8-396a-490e-870b-1fe287326f8a	OPTIONS	/auth/register	http://localhost:3000
20230917	01:41:46	a95d126c-dd6b-4425-bcfd-4a834ed4b915	POST	/auth/register	http://localhost:3000
20230917	01:41:46	8de2a259-b265-4475-bb19-82030a30a9b1	OPTIONS	/users	http://localhost:3000
20230917	01:41:46	37d55a88-c0d4-4d5f-bd9e-2dd1f1e46c2f	OPTIONS	/tasks	http://localhost:3000
20230917	01:41:46	80d817eb-e1de-416d-806e-5f1b7f6dfa64	GET	/users	http://localhost:3000
20230917	01:41:46	907ffe6e-3c46-404c-aff2-2f0a8a1474ef	GET	/tasks	http://localhost:3000
20230917	01:43:01	31560495-bb4c-4757-bf7a-822cf9e1ed05	OPTIONS	/tasks	http://localhost:3000
20230917	01:43:01	0633287e-607a-4887-9052-2b09948073f3	GET	/tasks	http://localhost:3000
20230917	01:46:14	2641289d-cbf7-4612-957d-5fdcf3ab1892	OPTIONS	/users	http://localhost:3000
20230917	01:46:14	b34dc692-f841-4f36-a26b-daa4abcda942	GET	/users	http://localhost:3000
20230917	01:46:16	eb915f91-7721-46e2-a749-8803fdb02b1f	OPTIONS	/tasks	http://localhost:3000
20230917	01:46:16	b199b80f-1b12-4c56-9e25-cc169af05935	GET	/tasks	http://localhost:3000
20230917	01:46:23	c6c3cb2a-e31b-4c01-a258-546c1328f333	OPTIONS	/tasks	http://localhost:3000
20230917	01:46:23	e7039bef-9ff6-4d63-a5fa-655fb7316bc7	GET	/tasks	http://localhost:3000
20230917	01:55:55	3e95feda-af57-4fbc-876b-b16006ddfeff	OPTIONS	/tasks	http://localhost:3000
20230917	01:55:55	6ec918bd-8b63-4867-9fe4-ec9f973360ee	OPTIONS	/users	http://localhost:3000
20230917	01:55:55	df5f4d9a-56af-487d-a0f6-bf000abc564f	GET	/tasks	http://localhost:3000
20230917	01:55:55	0c3c1b3c-215c-402a-b9ad-bc8ac40ec923	GET	/users	http://localhost:3000
20230917	01:56:24	f4e610e7-7eb7-4fc4-94af-1971b41cb8b6	OPTIONS	/tasks	http://localhost:3000
20230917	01:56:24	66ed8a9b-a8b1-41fb-a5b5-5ad474a5db0e	GET	/tasks	http://localhost:3000
20230917	01:59:55	771aaf1a-5538-48ce-91ae-d820ccdec518	OPTIONS	/tasks	http://localhost:3000
20230917	01:59:55	05e8a2cb-d2eb-4d80-b6c9-0b4fb42ec635	OPTIONS	/users	http://localhost:3000
20230917	01:59:55	3320b151-23dc-4e3e-ba8e-5589648a434e	GET	/tasks	http://localhost:3000
20230917	01:59:55	28478e71-1f5a-48ab-8617-c72a4929bc3c	GET	/users	http://localhost:3000
20230917	01:59:55	1584155c-cc74-4ba3-9f37-ea3ece3a38e9	OPTIONS	/auth/refresh	http://localhost:3000
20230917	01:59:55	ca201826-1dc8-4ec4-980b-7559d40f18d9	GET	/auth/refresh	http://localhost:3000
20230917	01:59:55	5efe62f8-8838-45d3-a912-6be486461ec3	GET	/auth/refresh	http://localhost:3000
20230917	01:59:55	e44f0234-91fd-47d1-b652-736162a71482	GET	/tasks	http://localhost:3000
20230917	01:59:55	64e18b4f-24ca-4fa1-8aa8-9a0ba553a62a	GET	/users	http://localhost:3000
20230917	02:00:01	2cd7f69c-3546-4182-992c-31f674ad7bfc	OPTIONS	/tasks	http://localhost:3000
20230917	02:00:01	f3012acd-976a-494c-8df6-2f0282c52215	GET	/tasks	http://localhost:3000
20230917	02:00:07	f38f3dcd-0b26-4014-8dcf-031f2b5edb57	OPTIONS	/tasks	http://localhost:3000
20230917	02:00:07	b48dc679-7cae-4ce5-afca-a07e9c1deed7	GET	/tasks	http://localhost:3000
20230917	02:00:18	7e513ca2-0441-411c-8f59-e5ae77523e1b	OPTIONS	/tasks	http://localhost:3000
20230917	02:00:18	39dc40de-77e0-4132-9371-1ca85bc3b8f9	GET	/tasks	http://localhost:3000
20230917	02:00:35	faded3a7-0ec3-43eb-9eeb-1ba7750dd922	OPTIONS	/tasks	http://localhost:3000
20230917	02:00:35	880df266-079b-4622-b53f-81ef7e540e17	GET	/tasks	http://localhost:3000
20230917	02:01:16	9b46d9ec-bdc5-4728-b0ac-d3d2ee2720aa	OPTIONS	/users	http://localhost:3000
20230917	02:01:16	2aa5f675-96ac-4871-86e2-19df88ec3771	GET	/users	http://localhost:3000
20230917	02:01:19	26b923a9-2901-46e5-bed6-0862a11423e8	OPTIONS	/tasks	http://localhost:3000
20230917	02:01:19	d3ace830-32e3-4cbc-9bcf-fe446d56ed6c	GET	/tasks	http://localhost:3000
20230917	02:01:34	7f875ad0-bf73-4cdf-949f-e05f26984f05	OPTIONS	/tasks	http://localhost:3000
20230917	02:01:34	6ec23b9e-c81a-4eb3-8303-a9e145fcbf17	GET	/tasks	http://localhost:3000
20230917	02:01:50	c4c03038-305a-429a-81c7-bce6dc71f89f	OPTIONS	/tasks	http://localhost:3000
20230917	02:01:50	e2ad1ccb-af2d-4913-9eb1-724cb57bfe7f	GET	/tasks	http://localhost:3000
20230917	02:02:06	be6fab7a-de40-42ed-a53b-a9c700953cf9	OPTIONS	/tasks	http://localhost:3000
20230917	02:02:06	ab9e034f-0de5-4110-a867-81973454b733	GET	/tasks	http://localhost:3000
20230917	02:02:22	770fb806-d8b6-44a4-9f44-07399bd2d251	OPTIONS	/tasks	http://localhost:3000
20230917	02:02:22	6158d7e9-16dd-4eda-b2d3-d403c6fda031	GET	/tasks	http://localhost:3000
20230917	02:02:38	2720d5f1-22f4-4da3-898f-8dd684e852d7	OPTIONS	/tasks	http://localhost:3000
20230917	02:02:38	3ba19ed8-c1ed-4025-bae3-f7e102cd98bf	GET	/tasks	http://localhost:3000
20230917	02:02:54	753c836e-a83c-42fd-b4f1-30ce8cc36870	OPTIONS	/tasks	http://localhost:3000
20230917	02:02:54	921bc86f-6c63-4447-9488-ff18c330bdd5	GET	/tasks	http://localhost:3000
20230917	02:03:10	93f5b285-9844-4fe7-a647-7e985d1f0c11	OPTIONS	/tasks	http://localhost:3000
20230917	02:03:10	43090615-634a-4a7f-948e-9b14aa91d53a	GET	/tasks	http://localhost:3000
20230917	02:03:26	6c22d53e-9f95-4e1e-b4f4-100e7bd38630	OPTIONS	/tasks	http://localhost:3000
20230917	02:03:26	4d98ea3b-c707-44c9-9265-e51bae9df9a6	GET	/tasks	http://localhost:3000
20230917	02:03:42	289e28ea-74f1-4508-aa3f-a5bc91d0a8ea	OPTIONS	/tasks	http://localhost:3000
20230917	02:03:42	9dbd7a76-af82-411a-a8c8-43af296a480d	GET	/tasks	http://localhost:3000
20230917	02:03:58	c38c8a1c-b83f-49c4-99db-0d16c6622400	OPTIONS	/tasks	http://localhost:3000
20230917	02:03:58	e3b6d060-a9e0-43df-a7a3-567727cb8dcd	GET	/tasks	http://localhost:3000
20230917	02:04:14	daa19fea-1c31-45d3-b45e-e69c387ec6e9	OPTIONS	/tasks	http://localhost:3000
20230917	02:04:14	f75f1fb0-2a07-4179-87e2-c14921ea8df5	GET	/tasks	http://localhost:3000
20230917	02:04:30	87cbe6d5-7e18-4e9d-8f99-46946bf9695e	OPTIONS	/tasks	http://localhost:3000
20230917	02:04:30	55ce861b-d2da-4a26-aa25-5ed919696657	GET	/tasks	http://localhost:3000
20230917	02:04:46	03f86991-532a-414d-b23b-a475b57c6b47	OPTIONS	/tasks	http://localhost:3000
20230917	02:04:46	c1ebf38b-f421-44a5-abbd-eb19e5997d9f	GET	/tasks	http://localhost:3000
20230917	02:05:02	95791be9-5a8d-417f-aa67-2ff5c876f521	OPTIONS	/tasks	http://localhost:3000
20230917	02:05:02	918f0c8c-1945-4c0b-b202-19cc2e6958e2	GET	/tasks	http://localhost:3000
20230917	02:05:14	307f32d0-1750-4bfc-abb9-2700dbb6888d	OPTIONS	/tasks	http://localhost:3000
20230917	02:05:14	8939e084-8eee-4e98-9dfe-2e47dee9ad60	GET	/tasks	http://localhost:3000
20230917	02:05:15	2944dfd7-850f-4951-930d-fd9dd31cd6f7	GET	/tasks	http://localhost:3000
20230917	02:05:28	8763d364-48d8-4dd1-b91d-05d41eb69c97	OPTIONS	/tasks	http://localhost:3000
20230917	02:05:28	22439988-c288-408c-856a-07da7220e053	GET	/tasks	http://localhost:3000
20230917	02:05:41	237573f3-b7ad-43b6-bdf9-b5248c39de8d	OPTIONS	/tasks	http://localhost:3000
20230917	02:05:41	f67e3218-34dd-479e-b6f3-537809a135cd	GET	/tasks	http://localhost:3000
20230917	02:05:52	1d9a3a07-dd21-494e-97bf-6f87c54c882c	OPTIONS	/tasks	http://localhost:3000
20230917	02:05:52	f0a0d0d0-15c5-485e-9a60-d0317c01fb45	GET	/tasks	http://localhost:3000
